# Logfile created on Sun Feb 05 20:41:38 -0800 2012 by logger.rb/22285
REQUESTING PAGE: GET /studios/1/edit with {} and HTTP headers {}
REQUESTING PAGE: GET http://www.example.com/signin with {} and HTTP headers {"HTTP_REFERER"=>"/studios/1/edit"}
REQUESTING PAGE: POST /sessions with {"commit"=>"Sign In", "session"=>{"password"=>"foobar123", "email"=>"tk@example.com"}, "utf8"=>"\342\234\223"} and HTTP headers {"HTTP_REFERER"=>"http://www.example.com/signin"}
REQUESTING PAGE: GET http://www.example.com/studios/1/edit with {} and HTTP headers {"HTTP_REFERER"=>"/sessions"}
REQUESTING PAGE: GET / with {} and HTTP headers {}
REQUESTING PAGE: GET /signin with {} and HTTP headers {}
REQUESTING PAGE: POST /sessions with {"commit"=>"Sign In", "session"=>{"password"=>"foobar123", "email"=>"tk@example.com"}, "utf8"=>"\342\234\223"} and HTTP headers {"HTTP_REFERER"=>"/signin"}
REQUESTING PAGE: GET http://www.example.com/studios/1 with {} and HTTP headers {"HTTP_REFERER"=>"/sessions"}
REQUESTING PAGE: GET / with {} and HTTP headers {"HTTP_REFERER"=>"http://www.example.com/studios/1"}
REQUESTING PAGE: GET /signin with {} and HTTP headers {}
REQUESTING PAGE: POST /sessions with {"commit"=>"Sign In", "session"=>{"password"=>"foobar123", "email"=>"tk@example.com"}, "utf8"=>"\342\234\223"} and HTTP headers {"HTTP_REFERER"=>"/signin"}
REQUESTING PAGE: GET http://www.example.com/studios/1 with {} and HTTP headers {"HTTP_REFERER"=>"/sessions"}
REQUESTING PAGE: GET / with {} and HTTP headers {"HTTP_REFERER"=>"http://www.example.com/studios/1"}
REQUESTING PAGE: GET /signup with {} and HTTP headers {}
REQUESTING PAGE: POST /studios with {"studio"=>{"name"=>"", "password_confirmation"=>"", "password"=>"", "email"=>""}, "commit"=>"Sign up", "utf8"=>"\342\234\223"} and HTTP headers {"HTTP_REFERER"=>"/signup"}
REQUESTING PAGE: GET /signup with {} and HTTP headers {}
REQUESTING PAGE: POST /studios with {"studio"=>{"name"=>"example", "password_confirmation"=>"foobar", "password"=>"foobar", "email"=>"abc@def.com"}, "commit"=>"Sign up", "utf8"=>"\342\234\223"} and HTTP headers {"HTTP_REFERER"=>"/signup"}
REQUESTING PAGE: GET http://www.example.com/studios/1 with {} and HTTP headers {"HTTP_REFERER"=>"/studios"}
REQUESTING PAGE: GET /signin with {} and HTTP headers {}
REQUESTING PAGE: POST /sessions with {"commit"=>"Sign In", "session"=>{"password"=>"", "email"=>""}, "utf8"=>"\342\234\223"} and HTTP headers {"HTTP_REFERER"=>"/signin"}
REQUESTING PAGE: GET /signin with {} and HTTP headers {}
REQUESTING PAGE: POST /sessions with {"commit"=>"Sign In", "session"=>{"password"=>"foobar123", "email"=>"tk@example.com"}, "utf8"=>"\342\234\223"} and HTTP headers {"HTTP_REFERER"=>"/signin"}
REQUESTING PAGE: GET http://www.example.com/studios/1 with {} and HTTP headers {"HTTP_REFERER"=>"/sessions"}
REQUESTING PAGE: GET /signout with {} and HTTP headers {"HTTP_REFERER"=>"http://www.example.com/studios/1"}
REQUESTING PAGE: GET http://www.example.com/ with {} and HTTP headers {"HTTP_REFERER"=>"/signout"}
REQUESTING PAGE: GET /studios/1/edit with {} and HTTP headers {}
REQUESTING PAGE: GET http://www.example.com/signin with {} and HTTP headers {"HTTP_REFERER"=>"/studios/1/edit"}
REQUESTING PAGE: POST /sessions with {"commit"=>"Sign In", "session"=>{"password"=>"foobar123", "email"=>"tk@example.com"}, "utf8"=>"\342\234\223"} and HTTP headers {"HTTP_REFERER"=>"http://www.example.com/signin"}
REQUESTING PAGE: GET http://www.example.com/studios/1/edit with {} and HTTP headers {"HTTP_REFERER"=>"/sessions"}
REQUESTING PAGE: GET / with {} and HTTP headers {}
REQUESTING PAGE: GET /signin with {} and HTTP headers {}
REQUESTING PAGE: POST /sessions with {"commit"=>"Sign In", "session"=>{"password"=>"foobar123", "email"=>"tk@example.com"}, "utf8"=>"\342\234\223"} and HTTP headers {"HTTP_REFERER"=>"/signin"}
REQUESTING PAGE: GET http://www.example.com/studios/1 with {} and HTTP headers {"HTTP_REFERER"=>"/sessions"}
REQUESTING PAGE: GET / with {} and HTTP headers {"HTTP_REFERER"=>"http://www.example.com/studios/1"}
REQUESTING PAGE: GET /signin with {} and HTTP headers {}
REQUESTING PAGE: POST /sessions with {"commit"=>"Sign In", "session"=>{"password"=>"foobar123", "email"=>"tk@example.com"}, "utf8"=>"\342\234\223"} and HTTP headers {"HTTP_REFERER"=>"/signin"}
REQUESTING PAGE: GET http://www.example.com/studios/1 with {} and HTTP headers {"HTTP_REFERER"=>"/sessions"}
REQUESTING PAGE: GET / with {} and HTTP headers {"HTTP_REFERER"=>"http://www.example.com/studios/1"}
REQUESTING PAGE: GET /signup with {} and HTTP headers {}
REQUESTING PAGE: POST /studios with {"studio"=>{"name"=>"", "password_confirmation"=>"", "password"=>"", "email"=>""}, "commit"=>"Sign up", "utf8"=>"\342\234\223"} and HTTP headers {"HTTP_REFERER"=>"/signup"}
REQUESTING PAGE: GET /signup with {} and HTTP headers {}
REQUESTING PAGE: POST /studios with {"studio"=>{"name"=>"example", "password_confirmation"=>"foobar", "password"=>"foobar", "email"=>"abc@def.com"}, "commit"=>"Sign up", "utf8"=>"\342\234\223"} and HTTP headers {"HTTP_REFERER"=>"/signup"}
REQUESTING PAGE: GET http://www.example.com/studios/1 with {} and HTTP headers {"HTTP_REFERER"=>"/studios"}
REQUESTING PAGE: GET /signin with {} and HTTP headers {}
REQUESTING PAGE: POST /sessions with {"commit"=>"Sign In", "session"=>{"password"=>"", "email"=>""}, "utf8"=>"\342\234\223"} and HTTP headers {"HTTP_REFERER"=>"/signin"}
REQUESTING PAGE: GET /signin with {} and HTTP headers {}
REQUESTING PAGE: POST /sessions with {"commit"=>"Sign In", "session"=>{"password"=>"foobar123", "email"=>"tk@example.com"}, "utf8"=>"\342\234\223"} and HTTP headers {"HTTP_REFERER"=>"/signin"}
REQUESTING PAGE: GET http://www.example.com/studios/1 with {} and HTTP headers {"HTTP_REFERER"=>"/sessions"}
REQUESTING PAGE: GET /signout with {} and HTTP headers {"HTTP_REFERER"=>"http://www.example.com/studios/1"}
REQUESTING PAGE: GET http://www.example.com/ with {} and HTTP headers {"HTTP_REFERER"=>"/signout"}
REQUESTING PAGE: GET /studios/1/edit with {} and HTTP headers {}
REQUESTING PAGE: GET http://www.example.com/signin with {} and HTTP headers {"HTTP_REFERER"=>"/studios/1/edit"}
REQUESTING PAGE: POST /sessions with {"commit"=>"Sign In", "session"=>{"password"=>"foobar123", "email"=>"tk@example.com"}, "utf8"=>"\342\234\223"} and HTTP headers {"HTTP_REFERER"=>"http://www.example.com/signin"}
REQUESTING PAGE: GET http://www.example.com/studios/1/edit with {} and HTTP headers {"HTTP_REFERER"=>"/sessions"}
REQUESTING PAGE: GET / with {} and HTTP headers {}
REQUESTING PAGE: GET /signin with {} and HTTP headers {}
REQUESTING PAGE: POST /sessions with {"commit"=>"Sign In", "session"=>{"password"=>"foobar123", "email"=>"tk@example.com"}, "utf8"=>"\342\234\223"} and HTTP headers {"HTTP_REFERER"=>"/signin"}
REQUESTING PAGE: GET http://www.example.com/studios/1 with {} and HTTP headers {"HTTP_REFERER"=>"/sessions"}
REQUESTING PAGE: GET / with {} and HTTP headers {"HTTP_REFERER"=>"http://www.example.com/studios/1"}
REQUESTING PAGE: GET /signin with {} and HTTP headers {}
REQUESTING PAGE: POST /sessions with {"commit"=>"Sign In", "session"=>{"password"=>"foobar123", "email"=>"tk@example.com"}, "utf8"=>"\342\234\223"} and HTTP headers {"HTTP_REFERER"=>"/signin"}
REQUESTING PAGE: GET http://www.example.com/studios/1 with {} and HTTP headers {"HTTP_REFERER"=>"/sessions"}
REQUESTING PAGE: GET / with {} and HTTP headers {"HTTP_REFERER"=>"http://www.example.com/studios/1"}
REQUESTING PAGE: GET /signup with {} and HTTP headers {}
REQUESTING PAGE: POST /studios with {"studio"=>{"name"=>"", "password_confirmation"=>"", "password"=>"", "email"=>""}, "commit"=>"Sign up", "utf8"=>"\342\234\223"} and HTTP headers {"HTTP_REFERER"=>"/signup"}
REQUESTING PAGE: GET /signup with {} and HTTP headers {}
REQUESTING PAGE: POST /studios with {"studio"=>{"name"=>"example", "password_confirmation"=>"foobar", "password"=>"foobar", "email"=>"abc@def.com"}, "commit"=>"Sign up", "utf8"=>"\342\234\223"} and HTTP headers {"HTTP_REFERER"=>"/signup"}
REQUESTING PAGE: GET http://www.example.com/studios/1 with {} and HTTP headers {"HTTP_REFERER"=>"/studios"}
REQUESTING PAGE: GET /signin with {} and HTTP headers {}
REQUESTING PAGE: POST /sessions with {"commit"=>"Sign In", "session"=>{"password"=>"", "email"=>""}, "utf8"=>"\342\234\223"} and HTTP headers {"HTTP_REFERER"=>"/signin"}
REQUESTING PAGE: GET /signin with {} and HTTP headers {}
REQUESTING PAGE: POST /sessions with {"commit"=>"Sign In", "session"=>{"password"=>"foobar123", "email"=>"tk@example.com"}, "utf8"=>"\342\234\223"} and HTTP headers {"HTTP_REFERER"=>"/signin"}
REQUESTING PAGE: GET http://www.example.com/studios/1 with {} and HTTP headers {"HTTP_REFERER"=>"/sessions"}
REQUESTING PAGE: GET /signout with {} and HTTP headers {"HTTP_REFERER"=>"http://www.example.com/studios/1"}
REQUESTING PAGE: GET http://www.example.com/ with {} and HTTP headers {"HTTP_REFERER"=>"/signout"}
REQUESTING PAGE: GET /studios/1/edit with {} and HTTP headers {}
REQUESTING PAGE: GET http://www.example.com/signin with {} and HTTP headers {"HTTP_REFERER"=>"/studios/1/edit"}
REQUESTING PAGE: POST /sessions with {"commit"=>"Sign In", "session"=>{"password"=>"foobar123", "email"=>"tk@example.com"}, "utf8"=>"\342\234\223"} and HTTP headers {"HTTP_REFERER"=>"http://www.example.com/signin"}
REQUESTING PAGE: GET http://www.example.com/studios/1/edit with {} and HTTP headers {"HTTP_REFERER"=>"/sessions"}
REQUESTING PAGE: GET / with {} and HTTP headers {}
REQUESTING PAGE: GET /signin with {} and HTTP headers {}
REQUESTING PAGE: POST /sessions with {"commit"=>"Sign In", "session"=>{"password"=>"foobar123", "email"=>"tk@example.com"}, "utf8"=>"\342\234\223"} and HTTP headers {"HTTP_REFERER"=>"/signin"}
REQUESTING PAGE: GET http://www.example.com/studios/1 with {} and HTTP headers {"HTTP_REFERER"=>"/sessions"}
REQUESTING PAGE: GET / with {} and HTTP headers {"HTTP_REFERER"=>"http://www.example.com/studios/1"}
REQUESTING PAGE: GET /signin with {} and HTTP headers {}
REQUESTING PAGE: POST /sessions with {"commit"=>"Sign In", "session"=>{"password"=>"foobar123", "email"=>"tk@example.com"}, "utf8"=>"\342\234\223"} and HTTP headers {"HTTP_REFERER"=>"/signin"}
REQUESTING PAGE: GET http://www.example.com/studios/1 with {} and HTTP headers {"HTTP_REFERER"=>"/sessions"}
REQUESTING PAGE: GET / with {} and HTTP headers {"HTTP_REFERER"=>"http://www.example.com/studios/1"}
REQUESTING PAGE: GET /signup with {} and HTTP headers {}
REQUESTING PAGE: POST /studios with {"studio"=>{"name"=>"", "password_confirmation"=>"", "password"=>"", "email"=>""}, "commit"=>"Sign up", "utf8"=>"\342\234\223"} and HTTP headers {"HTTP_REFERER"=>"/signup"}
REQUESTING PAGE: GET /signup with {} and HTTP headers {}
REQUESTING PAGE: POST /studios with {"studio"=>{"name"=>"example", "password_confirmation"=>"foobar", "password"=>"foobar", "email"=>"abc@def.com"}, "commit"=>"Sign up", "utf8"=>"\342\234\223"} and HTTP headers {"HTTP_REFERER"=>"/signup"}
REQUESTING PAGE: GET http://www.example.com/studios/1 with {} and HTTP headers {"HTTP_REFERER"=>"/studios"}
REQUESTING PAGE: GET /signin with {} and HTTP headers {}
REQUESTING PAGE: POST /sessions with {"commit"=>"Sign In", "session"=>{"password"=>"", "email"=>""}, "utf8"=>"\342\234\223"} and HTTP headers {"HTTP_REFERER"=>"/signin"}
REQUESTING PAGE: GET /signin with {} and HTTP headers {}
REQUESTING PAGE: POST /sessions with {"commit"=>"Sign In", "session"=>{"password"=>"foobar123", "email"=>"tk@example.com"}, "utf8"=>"\342\234\223"} and HTTP headers {"HTTP_REFERER"=>"/signin"}
REQUESTING PAGE: GET http://www.example.com/studios/1 with {} and HTTP headers {"HTTP_REFERER"=>"/sessions"}
REQUESTING PAGE: GET /signout with {} and HTTP headers {"HTTP_REFERER"=>"http://www.example.com/studios/1"}
REQUESTING PAGE: GET http://www.example.com/ with {} and HTTP headers {"HTTP_REFERER"=>"/signout"}
REQUESTING PAGE: GET /studios/1/edit with {} and HTTP headers {}
REQUESTING PAGE: GET http://www.example.com/signin with {} and HTTP headers {"HTTP_REFERER"=>"/studios/1/edit"}
REQUESTING PAGE: POST /sessions with {"commit"=>"Sign In", "session"=>{"password"=>"foobar123", "email"=>"tk@example.com"}, "utf8"=>"\342\234\223"} and HTTP headers {"HTTP_REFERER"=>"http://www.example.com/signin"}
REQUESTING PAGE: GET http://www.example.com/studios/1/edit with {} and HTTP headers {"HTTP_REFERER"=>"/sessions"}
REQUESTING PAGE: GET / with {} and HTTP headers {}
REQUESTING PAGE: GET /signin with {} and HTTP headers {}
REQUESTING PAGE: POST /sessions with {"commit"=>"Sign In", "session"=>{"password"=>"foobar123", "email"=>"tk@example.com"}, "utf8"=>"\342\234\223"} and HTTP headers {"HTTP_REFERER"=>"/signin"}
REQUESTING PAGE: GET http://www.example.com/studios/1 with {} and HTTP headers {"HTTP_REFERER"=>"/sessions"}
REQUESTING PAGE: GET / with {} and HTTP headers {"HTTP_REFERER"=>"http://www.example.com/studios/1"}
REQUESTING PAGE: GET /signin with {} and HTTP headers {}
REQUESTING PAGE: POST /sessions with {"commit"=>"Sign In", "session"=>{"password"=>"foobar123", "email"=>"tk@example.com"}, "utf8"=>"\342\234\223"} and HTTP headers {"HTTP_REFERER"=>"/signin"}
REQUESTING PAGE: GET http://www.example.com/studios/1 with {} and HTTP headers {"HTTP_REFERER"=>"/sessions"}
REQUESTING PAGE: GET / with {} and HTTP headers {"HTTP_REFERER"=>"http://www.example.com/studios/1"}
REQUESTING PAGE: GET /signup with {} and HTTP headers {}
REQUESTING PAGE: POST /studios with {"studio"=>{"name"=>"", "password_confirmation"=>"", "password"=>"", "email"=>""}, "commit"=>"Sign up", "utf8"=>"\342\234\223"} and HTTP headers {"HTTP_REFERER"=>"/signup"}
REQUESTING PAGE: GET /signup with {} and HTTP headers {}
REQUESTING PAGE: POST /studios with {"studio"=>{"name"=>"example", "password_confirmation"=>"foobar", "password"=>"foobar", "email"=>"abc@def.com"}, "commit"=>"Sign up", "utf8"=>"\342\234\223"} and HTTP headers {"HTTP_REFERER"=>"/signup"}
REQUESTING PAGE: GET http://www.example.com/studios/1 with {} and HTTP headers {"HTTP_REFERER"=>"/studios"}
REQUESTING PAGE: GET /signin with {} and HTTP headers {}
REQUESTING PAGE: POST /sessions with {"commit"=>"Sign In", "session"=>{"password"=>"", "email"=>""}, "utf8"=>"\342\234\223"} and HTTP headers {"HTTP_REFERER"=>"/signin"}
REQUESTING PAGE: GET /signin with {} and HTTP headers {}
REQUESTING PAGE: POST /sessions with {"commit"=>"Sign In", "session"=>{"password"=>"foobar123", "email"=>"tk@example.com"}, "utf8"=>"\342\234\223"} and HTTP headers {"HTTP_REFERER"=>"/signin"}
REQUESTING PAGE: GET http://www.example.com/studios/1 with {} and HTTP headers {"HTTP_REFERER"=>"/sessions"}
REQUESTING PAGE: GET /signout with {} and HTTP headers {"HTTP_REFERER"=>"http://www.example.com/studios/1"}
REQUESTING PAGE: GET http://www.example.com/ with {} and HTTP headers {"HTTP_REFERER"=>"/signout"}
REQUESTING PAGE: GET /studios/1/edit with {} and HTTP headers {}
REQUESTING PAGE: GET http://www.example.com/signin with {} and HTTP headers {"HTTP_REFERER"=>"/studios/1/edit"}
REQUESTING PAGE: POST /sessions with {"commit"=>"Sign In", "session"=>{"password"=>"foobar123", "email"=>"tk@example.com"}, "utf8"=>"\342\234\223"} and HTTP headers {"HTTP_REFERER"=>"http://www.example.com/signin"}
REQUESTING PAGE: GET http://www.example.com/studios/1/edit with {} and HTTP headers {"HTTP_REFERER"=>"/sessions"}
REQUESTING PAGE: GET / with {} and HTTP headers {}
REQUESTING PAGE: GET /signin with {} and HTTP headers {}
REQUESTING PAGE: POST /sessions with {"commit"=>"Sign In", "session"=>{"password"=>"foobar123", "email"=>"tk@example.com"}, "utf8"=>"\342\234\223"} and HTTP headers {"HTTP_REFERER"=>"/signin"}
REQUESTING PAGE: GET http://www.example.com/studios/1 with {} and HTTP headers {"HTTP_REFERER"=>"/sessions"}
REQUESTING PAGE: GET / with {} and HTTP headers {"HTTP_REFERER"=>"http://www.example.com/studios/1"}
REQUESTING PAGE: GET /signin with {} and HTTP headers {}
REQUESTING PAGE: POST /sessions with {"commit"=>"Sign In", "session"=>{"password"=>"foobar123", "email"=>"tk@example.com"}, "utf8"=>"\342\234\223"} and HTTP headers {"HTTP_REFERER"=>"/signin"}
REQUESTING PAGE: GET http://www.example.com/studios/1 with {} and HTTP headers {"HTTP_REFERER"=>"/sessions"}
REQUESTING PAGE: GET / with {} and HTTP headers {"HTTP_REFERER"=>"http://www.example.com/studios/1"}
REQUESTING PAGE: GET /signup with {} and HTTP headers {}
REQUESTING PAGE: POST /studios with {"studio"=>{"name"=>"", "password_confirmation"=>"", "password"=>"", "email"=>""}, "commit"=>"Sign up", "utf8"=>"\342\234\223"} and HTTP headers {"HTTP_REFERER"=>"/signup"}
REQUESTING PAGE: GET /signup with {} and HTTP headers {}
REQUESTING PAGE: POST /studios with {"studio"=>{"name"=>"example", "password_confirmation"=>"foobar", "password"=>"foobar", "email"=>"abc@def.com"}, "commit"=>"Sign up", "utf8"=>"\342\234\223"} and HTTP headers {"HTTP_REFERER"=>"/signup"}
REQUESTING PAGE: GET http://www.example.com/studios/1 with {} and HTTP headers {"HTTP_REFERER"=>"/studios"}
REQUESTING PAGE: GET /signin with {} and HTTP headers {}
REQUESTING PAGE: POST /sessions with {"commit"=>"Sign In", "session"=>{"password"=>"", "email"=>""}, "utf8"=>"\342\234\223"} and HTTP headers {"HTTP_REFERER"=>"/signin"}
REQUESTING PAGE: GET /signin with {} and HTTP headers {}
REQUESTING PAGE: POST /sessions with {"commit"=>"Sign In", "session"=>{"password"=>"foobar123", "email"=>"tk@example.com"}, "utf8"=>"\342\234\223"} and HTTP headers {"HTTP_REFERER"=>"/signin"}
REQUESTING PAGE: GET http://www.example.com/studios/1 with {} and HTTP headers {"HTTP_REFERER"=>"/sessions"}
REQUESTING PAGE: GET /signout with {} and HTTP headers {"HTTP_REFERER"=>"http://www.example.com/studios/1"}
REQUESTING PAGE: GET http://www.example.com/ with {} and HTTP headers {"HTTP_REFERER"=>"/signout"}
REQUESTING PAGE: GET /studios/1/edit with {} and HTTP headers {}
REQUESTING PAGE: GET http://www.example.com/signin with {} and HTTP headers {"HTTP_REFERER"=>"/studios/1/edit"}
REQUESTING PAGE: POST /sessions with {"commit"=>"Sign In", "session"=>{"password"=>"foobar123", "email"=>"tk@example.com"}, "utf8"=>"\342\234\223"} and HTTP headers {"HTTP_REFERER"=>"http://www.example.com/signin"}
REQUESTING PAGE: GET http://www.example.com/studios/1/edit with {} and HTTP headers {"HTTP_REFERER"=>"/sessions"}
REQUESTING PAGE: GET / with {} and HTTP headers {}
REQUESTING PAGE: GET /signin with {} and HTTP headers {}
REQUESTING PAGE: POST /sessions with {"commit"=>"Sign In", "session"=>{"password"=>"foobar123", "email"=>"tk@example.com"}, "utf8"=>"\342\234\223"} and HTTP headers {"HTTP_REFERER"=>"/signin"}
REQUESTING PAGE: GET http://www.example.com/studios/1 with {} and HTTP headers {"HTTP_REFERER"=>"/sessions"}
REQUESTING PAGE: GET /signin with {} and HTTP headers {}
REQUESTING PAGE: POST /sessions with {"commit"=>"Sign In", "session"=>{"password"=>"foobar123", "email"=>"tk@example.com"}, "utf8"=>"\342\234\223"} and HTTP headers {"HTTP_REFERER"=>"/signin"}
REQUESTING PAGE: GET http://www.example.com/studios/1 with {} and HTTP headers {"HTTP_REFERER"=>"/sessions"}
REQUESTING PAGE: GET /signup with {} and HTTP headers {}
REQUESTING PAGE: POST /studios with {"studio"=>{"name"=>"", "password_confirmation"=>"", "password"=>"", "email"=>""}, "commit"=>"Sign up", "utf8"=>"\342\234\223"} and HTTP headers {"HTTP_REFERER"=>"/signup"}
REQUESTING PAGE: GET /signup with {} and HTTP headers {}
REQUESTING PAGE: POST /studios with {"studio"=>{"name"=>"example", "password_confirmation"=>"foobar", "password"=>"foobar", "email"=>"abc@def.com"}, "commit"=>"Sign up", "utf8"=>"\342\234\223"} and HTTP headers {"HTTP_REFERER"=>"/signup"}
REQUESTING PAGE: GET http://www.example.com/studios/1 with {} and HTTP headers {"HTTP_REFERER"=>"/studios"}
REQUESTING PAGE: GET /signin with {} and HTTP headers {}
REQUESTING PAGE: POST /sessions with {"commit"=>"Sign In", "session"=>{"password"=>"", "email"=>""}, "utf8"=>"\342\234\223"} and HTTP headers {"HTTP_REFERER"=>"/signin"}
REQUESTING PAGE: GET /signin with {} and HTTP headers {}
REQUESTING PAGE: POST /sessions with {"commit"=>"Sign In", "session"=>{"password"=>"foobar123", "email"=>"tk@example.com"}, "utf8"=>"\342\234\223"} and HTTP headers {"HTTP_REFERER"=>"/signin"}
REQUESTING PAGE: GET http://www.example.com/studios/1 with {} and HTTP headers {"HTTP_REFERER"=>"/sessions"}
REQUESTING PAGE: GET /signup with {} and HTTP headers {}
REQUESTING PAGE: POST /studios with {"studio"=>{"name"=>"", "password_confirmation"=>"", "password"=>"", "email"=>""}, "commit"=>"Sign up", "utf8"=>"\342\234\223"} and HTTP headers {"HTTP_REFERER"=>"/signup"}
REQUESTING PAGE: GET /signup with {} and HTTP headers {}
REQUESTING PAGE: POST /studios with {"studio"=>{"name"=>"example", "password_confirmation"=>"foobar", "password"=>"foobar", "email"=>"abc@def.com"}, "commit"=>"Sign up", "utf8"=>"\342\234\223"} and HTTP headers {"HTTP_REFERER"=>"/signup"}
REQUESTING PAGE: GET http://www.example.com/studios/1 with {} and HTTP headers {"HTTP_REFERER"=>"/studios"}
REQUESTING PAGE: GET /signin with {} and HTTP headers {}
REQUESTING PAGE: POST /sessions with {"commit"=>"Sign In", "session"=>{"password"=>"", "email"=>""}, "utf8"=>"\342\234\223"} and HTTP headers {"HTTP_REFERER"=>"/signin"}
REQUESTING PAGE: GET /signin with {} and HTTP headers {}
REQUESTING PAGE: POST /sessions with {"commit"=>"Sign In", "session"=>{"password"=>"foobar123", "email"=>"tk@example.com"}, "utf8"=>"\342\234\223"} and HTTP headers {"HTTP_REFERER"=>"/signin"}
REQUESTING PAGE: GET http://www.example.com/studios/1 with {} and HTTP headers {"HTTP_REFERER"=>"/sessions"}
REQUESTING PAGE: GET /signout with {} and HTTP headers {"HTTP_REFERER"=>"http://www.example.com/studios/1"}
REQUESTING PAGE: GET http://www.example.com/ with {} and HTTP headers {"HTTP_REFERER"=>"/signout"}
REQUESTING PAGE: GET /studios/1/edit with {} and HTTP headers {}
REQUESTING PAGE: GET http://www.example.com/signin with {} and HTTP headers {"HTTP_REFERER"=>"/studios/1/edit"}
REQUESTING PAGE: POST /sessions with {"commit"=>"Sign In", "session"=>{"password"=>"foobar123", "email"=>"tk@example.com"}, "utf8"=>"\342\234\223"} and HTTP headers {"HTTP_REFERER"=>"http://www.example.com/signin"}
REQUESTING PAGE: GET http://www.example.com/studios/1/edit with {} and HTTP headers {"HTTP_REFERER"=>"/sessions"}
REQUESTING PAGE: GET / with {} and HTTP headers {}
REQUESTING PAGE: GET /signin with {} and HTTP headers {}
REQUESTING PAGE: POST /sessions with {"commit"=>"Sign In", "session"=>{"password"=>"foobar123", "email"=>"tk@example.com"}, "utf8"=>"\342\234\223"} and HTTP headers {"HTTP_REFERER"=>"/signin"}
REQUESTING PAGE: GET http://www.example.com/studios/1 with {} and HTTP headers {"HTTP_REFERER"=>"/sessions"}
REQUESTING PAGE: GET / with {} and HTTP headers {"HTTP_REFERER"=>"http://www.example.com/studios/1"}
REQUESTING PAGE: GET /signin with {} and HTTP headers {}
REQUESTING PAGE: POST /sessions with {"commit"=>"Sign In", "session"=>{"password"=>"foobar123", "email"=>"tk@example.com"}, "utf8"=>"\342\234\223"} and HTTP headers {"HTTP_REFERER"=>"/signin"}
REQUESTING PAGE: GET http://www.example.com/studios/1 with {} and HTTP headers {"HTTP_REFERER"=>"/sessions"}
REQUESTING PAGE: GET / with {} and HTTP headers {"HTTP_REFERER"=>"http://www.example.com/studios/1"}
REQUESTING PAGE: GET /signup with {} and HTTP headers {}
REQUESTING PAGE: POST /studios with {"studio"=>{"name"=>"", "password_confirmation"=>"", "password"=>"", "email"=>""}, "commit"=>"Sign up", "utf8"=>"\342\234\223"} and HTTP headers {"HTTP_REFERER"=>"/signup"}
REQUESTING PAGE: GET /signup with {} and HTTP headers {}
REQUESTING PAGE: POST /studios with {"studio"=>{"name"=>"example", "password_confirmation"=>"foobar", "password"=>"foobar", "email"=>"abc@def.com"}, "commit"=>"Sign up", "utf8"=>"\342\234\223"} and HTTP headers {"HTTP_REFERER"=>"/signup"}
REQUESTING PAGE: GET http://www.example.com/studios/1 with {} and HTTP headers {"HTTP_REFERER"=>"/studios"}
REQUESTING PAGE: GET /signin with {} and HTTP headers {}
REQUESTING PAGE: POST /sessions with {"commit"=>"Sign In", "session"=>{"password"=>"", "email"=>""}, "utf8"=>"\342\234\223"} and HTTP headers {"HTTP_REFERER"=>"/signin"}
REQUESTING PAGE: GET /signin with {} and HTTP headers {}
REQUESTING PAGE: POST /sessions with {"commit"=>"Sign In", "session"=>{"password"=>"foobar123", "email"=>"tk@example.com"}, "utf8"=>"\342\234\223"} and HTTP headers {"HTTP_REFERER"=>"/signin"}
REQUESTING PAGE: GET http://www.example.com/studios/1 with {} and HTTP headers {"HTTP_REFERER"=>"/sessions"}
REQUESTING PAGE: GET /signout with {} and HTTP headers {"HTTP_REFERER"=>"http://www.example.com/studios/1"}
REQUESTING PAGE: GET http://www.example.com/ with {} and HTTP headers {"HTTP_REFERER"=>"/signout"}
REQUESTING PAGE: GET /studios/1/edit with {} and HTTP headers {}
REQUESTING PAGE: GET http://www.example.com/signin with {} and HTTP headers {"HTTP_REFERER"=>"/studios/1/edit"}
REQUESTING PAGE: POST /sessions with {"commit"=>"Sign In", "session"=>{"password"=>"foobar123", "email"=>"tk@example.com"}, "utf8"=>"\342\234\223"} and HTTP headers {"HTTP_REFERER"=>"http://www.example.com/signin"}
REQUESTING PAGE: GET http://www.example.com/studios/1/edit with {} and HTTP headers {"HTTP_REFERER"=>"/sessions"}
REQUESTING PAGE: GET / with {} and HTTP headers {}
REQUESTING PAGE: GET /signin with {} and HTTP headers {}
REQUESTING PAGE: POST /sessions with {"commit"=>"Sign In", "session"=>{"password"=>"foobar123", "email"=>"tk@example.com"}, "utf8"=>"\342\234\223"} and HTTP headers {"HTTP_REFERER"=>"/signin"}
REQUESTING PAGE: GET http://www.example.com/studios/1 with {} and HTTP headers {"HTTP_REFERER"=>"/sessions"}
REQUESTING PAGE: GET / with {} and HTTP headers {"HTTP_REFERER"=>"http://www.example.com/studios/1"}
REQUESTING PAGE: GET /signin with {} and HTTP headers {}
REQUESTING PAGE: POST /sessions with {"commit"=>"Sign In", "session"=>{"password"=>"foobar123", "email"=>"tk@example.com"}, "utf8"=>"\342\234\223"} and HTTP headers {"HTTP_REFERER"=>"/signin"}
REQUESTING PAGE: GET http://www.example.com/studios/1 with {} and HTTP headers {"HTTP_REFERER"=>"/sessions"}
REQUESTING PAGE: GET / with {} and HTTP headers {"HTTP_REFERER"=>"http://www.example.com/studios/1"}
REQUESTING PAGE: GET /signup with {} and HTTP headers {}
REQUESTING PAGE: POST /studios with {"studio"=>{"name"=>"", "password_confirmation"=>"", "password"=>"", "email"=>""}, "commit"=>"Sign up", "utf8"=>"\342\234\223"} and HTTP headers {"HTTP_REFERER"=>"/signup"}
REQUESTING PAGE: GET /signup with {} and HTTP headers {}
REQUESTING PAGE: POST /studios with {"studio"=>{"name"=>"example", "password_confirmation"=>"foobar", "password"=>"foobar", "email"=>"abc@def.com"}, "commit"=>"Sign up", "utf8"=>"\342\234\223"} and HTTP headers {"HTTP_REFERER"=>"/signup"}
REQUESTING PAGE: GET http://www.example.com/studios/1 with {} and HTTP headers {"HTTP_REFERER"=>"/studios"}
REQUESTING PAGE: GET /signin with {} and HTTP headers {}
REQUESTING PAGE: POST /sessions with {"commit"=>"Sign In", "session"=>{"password"=>"", "email"=>""}, "utf8"=>"\342\234\223"} and HTTP headers {"HTTP_REFERER"=>"/signin"}
REQUESTING PAGE: GET /signin with {} and HTTP headers {}
REQUESTING PAGE: POST /sessions with {"commit"=>"Sign In", "session"=>{"password"=>"foobar123", "email"=>"tk@example.com"}, "utf8"=>"\342\234\223"} and HTTP headers {"HTTP_REFERER"=>"/signin"}
REQUESTING PAGE: GET http://www.example.com/studios/1 with {} and HTTP headers {"HTTP_REFERER"=>"/sessions"}
REQUESTING PAGE: GET /signout with {} and HTTP headers {"HTTP_REFERER"=>"http://www.example.com/studios/1"}
REQUESTING PAGE: GET http://www.example.com/ with {} and HTTP headers {"HTTP_REFERER"=>"/signout"}
REQUESTING PAGE: GET /studios/1/edit with {} and HTTP headers {}
REQUESTING PAGE: GET http://www.example.com/signin with {} and HTTP headers {"HTTP_REFERER"=>"/studios/1/edit"}
REQUESTING PAGE: POST /sessions with {"commit"=>"Sign In", "session"=>{"password"=>"foobar123", "email"=>"tk@example.com"}, "utf8"=>"\342\234\223"} and HTTP headers {"HTTP_REFERER"=>"http://www.example.com/signin"}
REQUESTING PAGE: GET http://www.example.com/studios/1/edit with {} and HTTP headers {"HTTP_REFERER"=>"/sessions"}
REQUESTING PAGE: GET / with {} and HTTP headers {}
REQUESTING PAGE: GET /signin with {} and HTTP headers {}
REQUESTING PAGE: POST /sessions with {"commit"=>"Sign In", "session"=>{"password"=>"foobar123", "email"=>"tk@example.com"}, "utf8"=>"\342\234\223"} and HTTP headers {"HTTP_REFERER"=>"/signin"}
REQUESTING PAGE: GET http://www.example.com/studios/1 with {} and HTTP headers {"HTTP_REFERER"=>"/sessions"}
REQUESTING PAGE: GET / with {} and HTTP headers {"HTTP_REFERER"=>"http://www.example.com/studios/1"}
REQUESTING PAGE: GET /signin with {} and HTTP headers {}
REQUESTING PAGE: POST /sessions with {"commit"=>"Sign In", "session"=>{"password"=>"foobar123", "email"=>"tk@example.com"}, "utf8"=>"\342\234\223"} and HTTP headers {"HTTP_REFERER"=>"/signin"}
REQUESTING PAGE: GET http://www.example.com/studios/1 with {} and HTTP headers {"HTTP_REFERER"=>"/sessions"}
REQUESTING PAGE: GET / with {} and HTTP headers {"HTTP_REFERER"=>"http://www.example.com/studios/1"}
REQUESTING PAGE: GET /signup with {} and HTTP headers {}
REQUESTING PAGE: POST /studios with {"studio"=>{"name"=>"", "password_confirmation"=>"", "password"=>"", "email"=>""}, "commit"=>"Sign up", "utf8"=>"\342\234\223"} and HTTP headers {"HTTP_REFERER"=>"/signup"}
REQUESTING PAGE: GET /signup with {} and HTTP headers {}
REQUESTING PAGE: POST /studios with {"studio"=>{"name"=>"example", "password_confirmation"=>"foobar", "password"=>"foobar", "email"=>"abc@def.com"}, "commit"=>"Sign up", "utf8"=>"\342\234\223"} and HTTP headers {"HTTP_REFERER"=>"/signup"}
REQUESTING PAGE: GET http://www.example.com/studios/1 with {} and HTTP headers {"HTTP_REFERER"=>"/studios"}
REQUESTING PAGE: GET /signin with {} and HTTP headers {}
REQUESTING PAGE: POST /sessions with {"commit"=>"Sign In", "session"=>{"password"=>"", "email"=>""}, "utf8"=>"\342\234\223"} and HTTP headers {"HTTP_REFERER"=>"/signin"}
REQUESTING PAGE: GET /signin with {} and HTTP headers {}
REQUESTING PAGE: POST /sessions with {"commit"=>"Sign In", "session"=>{"password"=>"foobar123", "email"=>"tk@example.com"}, "utf8"=>"\342\234\223"} and HTTP headers {"HTTP_REFERER"=>"/signin"}
REQUESTING PAGE: GET http://www.example.com/studios/1 with {} and HTTP headers {"HTTP_REFERER"=>"/sessions"}
REQUESTING PAGE: GET /signout with {} and HTTP headers {"HTTP_REFERER"=>"http://www.example.com/studios/1"}
REQUESTING PAGE: GET http://www.example.com/ with {} and HTTP headers {"HTTP_REFERER"=>"/signout"}
REQUESTING PAGE: GET /studios/1/edit with {} and HTTP headers {}
REQUESTING PAGE: GET http://www.example.com/signin with {} and HTTP headers {"HTTP_REFERER"=>"/studios/1/edit"}
REQUESTING PAGE: POST /sessions with {"commit"=>"Sign In", "session"=>{"password"=>"foobar123", "email"=>"tk@example.com"}, "utf8"=>"\342\234\223"} and HTTP headers {"HTTP_REFERER"=>"http://www.example.com/signin"}
REQUESTING PAGE: GET http://www.example.com/studios/1/edit with {} and HTTP headers {"HTTP_REFERER"=>"/sessions"}
REQUESTING PAGE: GET / with {} and HTTP headers {}
REQUESTING PAGE: GET /signin with {} and HTTP headers {}
REQUESTING PAGE: POST /sessions with {"commit"=>"Sign In", "session"=>{"password"=>"foobar123", "email"=>"tk@example.com"}, "utf8"=>"\342\234\223"} and HTTP headers {"HTTP_REFERER"=>"/signin"}
REQUESTING PAGE: GET http://www.example.com/studios/1 with {} and HTTP headers {"HTTP_REFERER"=>"/sessions"}
REQUESTING PAGE: GET / with {} and HTTP headers {"HTTP_REFERER"=>"http://www.example.com/studios/1"}
REQUESTING PAGE: GET /signin with {} and HTTP headers {}
REQUESTING PAGE: POST /sessions with {"commit"=>"Sign In", "session"=>{"password"=>"foobar123", "email"=>"tk@example.com"}, "utf8"=>"\342\234\223"} and HTTP headers {"HTTP_REFERER"=>"/signin"}
REQUESTING PAGE: GET http://www.example.com/studios/1 with {} and HTTP headers {"HTTP_REFERER"=>"/sessions"}
REQUESTING PAGE: GET / with {} and HTTP headers {"HTTP_REFERER"=>"http://www.example.com/studios/1"}
REQUESTING PAGE: GET /signup with {} and HTTP headers {}
REQUESTING PAGE: POST /studios with {"studio"=>{"name"=>"", "password_confirmation"=>"", "password"=>"", "email"=>""}, "commit"=>"Sign up", "utf8"=>"\342\234\223"} and HTTP headers {"HTTP_REFERER"=>"/signup"}
REQUESTING PAGE: GET /signup with {} and HTTP headers {}
REQUESTING PAGE: POST /studios with {"studio"=>{"name"=>"example", "password_confirmation"=>"foobar", "password"=>"foobar", "email"=>"abc@def.com"}, "commit"=>"Sign up", "utf8"=>"\342\234\223"} and HTTP headers {"HTTP_REFERER"=>"/signup"}
REQUESTING PAGE: GET http://www.example.com/studios/1 with {} and HTTP headers {"HTTP_REFERER"=>"/studios"}
REQUESTING PAGE: GET /signin with {} and HTTP headers {}
REQUESTING PAGE: POST /sessions with {"commit"=>"Sign In", "session"=>{"password"=>"", "email"=>""}, "utf8"=>"\342\234\223"} and HTTP headers {"HTTP_REFERER"=>"/signin"}
REQUESTING PAGE: GET /signin with {} and HTTP headers {}
REQUESTING PAGE: POST /sessions with {"commit"=>"Sign In", "session"=>{"password"=>"foobar123", "email"=>"tk@example.com"}, "utf8"=>"\342\234\223"} and HTTP headers {"HTTP_REFERER"=>"/signin"}
REQUESTING PAGE: GET http://www.example.com/studios/1 with {} and HTTP headers {"HTTP_REFERER"=>"/sessions"}
REQUESTING PAGE: GET /signout with {} and HTTP headers {"HTTP_REFERER"=>"http://www.example.com/studios/1"}
REQUESTING PAGE: GET http://www.example.com/ with {} and HTTP headers {"HTTP_REFERER"=>"/signout"}
REQUESTING PAGE: GET /studios/1/edit with {} and HTTP headers {}
REQUESTING PAGE: GET http://www.example.com/signin with {} and HTTP headers {"HTTP_REFERER"=>"/studios/1/edit"}
REQUESTING PAGE: POST /sessions with {"commit"=>"Sign In", "session"=>{"password"=>"foobar123", "email"=>"tk@example.com"}, "utf8"=>"\342\234\223"} and HTTP headers {"HTTP_REFERER"=>"http://www.example.com/signin"}
REQUESTING PAGE: GET http://www.example.com/studios/1/edit with {} and HTTP headers {"HTTP_REFERER"=>"/sessions"}
REQUESTING PAGE: GET / with {} and HTTP headers {}
REQUESTING PAGE: GET /signin with {} and HTTP headers {}
REQUESTING PAGE: POST /sessions with {"commit"=>"Sign In", "session"=>{"password"=>"foobar123", "email"=>"tk@example.com"}, "utf8"=>"\342\234\223"} and HTTP headers {"HTTP_REFERER"=>"/signin"}
REQUESTING PAGE: GET http://www.example.com/studios/1 with {} and HTTP headers {"HTTP_REFERER"=>"/sessions"}
REQUESTING PAGE: GET / with {} and HTTP headers {"HTTP_REFERER"=>"http://www.example.com/studios/1"}
REQUESTING PAGE: GET /signin with {} and HTTP headers {}
REQUESTING PAGE: POST /sessions with {"commit"=>"Sign In", "session"=>{"password"=>"foobar123", "email"=>"tk@example.com"}, "utf8"=>"\342\234\223"} and HTTP headers {"HTTP_REFERER"=>"/signin"}
REQUESTING PAGE: GET http://www.example.com/studios/1 with {} and HTTP headers {"HTTP_REFERER"=>"/sessions"}
REQUESTING PAGE: GET / with {} and HTTP headers {"HTTP_REFERER"=>"http://www.example.com/studios/1"}
REQUESTING PAGE: GET /signup with {} and HTTP headers {}
REQUESTING PAGE: POST /studios with {"studio"=>{"name"=>"", "password_confirmation"=>"", "password"=>"", "email"=>""}, "commit"=>"Sign up", "utf8"=>"\342\234\223"} and HTTP headers {"HTTP_REFERER"=>"/signup"}
REQUESTING PAGE: GET /signup with {} and HTTP headers {}
REQUESTING PAGE: POST /studios with {"studio"=>{"name"=>"example", "password_confirmation"=>"foobar", "password"=>"foobar", "email"=>"abc@def.com"}, "commit"=>"Sign up", "utf8"=>"\342\234\223"} and HTTP headers {"HTTP_REFERER"=>"/signup"}
REQUESTING PAGE: GET http://www.example.com/studios/1 with {} and HTTP headers {"HTTP_REFERER"=>"/studios"}
REQUESTING PAGE: GET /signin with {} and HTTP headers {}
REQUESTING PAGE: POST /sessions with {"commit"=>"Sign In", "session"=>{"password"=>"", "email"=>""}, "utf8"=>"\342\234\223"} and HTTP headers {"HTTP_REFERER"=>"/signin"}
REQUESTING PAGE: GET /signin with {} and HTTP headers {}
REQUESTING PAGE: POST /sessions with {"commit"=>"Sign In", "session"=>{"password"=>"foobar123", "email"=>"tk@example.com"}, "utf8"=>"\342\234\223"} and HTTP headers {"HTTP_REFERER"=>"/signin"}
REQUESTING PAGE: GET http://www.example.com/studios/1 with {} and HTTP headers {"HTTP_REFERER"=>"/sessions"}
REQUESTING PAGE: GET /signout with {} and HTTP headers {"HTTP_REFERER"=>"http://www.example.com/studios/1"}
REQUESTING PAGE: GET http://www.example.com/ with {} and HTTP headers {"HTTP_REFERER"=>"/signout"}
REQUESTING PAGE: GET /studios/1/edit with {} and HTTP headers {}
REQUESTING PAGE: GET http://www.example.com/signin with {} and HTTP headers {"HTTP_REFERER"=>"/studios/1/edit"}
REQUESTING PAGE: POST /sessions with {"commit"=>"Sign In", "session"=>{"password"=>"foobar123", "email"=>"tk@example.com"}, "utf8"=>"\342\234\223"} and HTTP headers {"HTTP_REFERER"=>"http://www.example.com/signin"}
REQUESTING PAGE: GET http://www.example.com/studios/1/edit with {} and HTTP headers {"HTTP_REFERER"=>"/sessions"}
REQUESTING PAGE: GET / with {} and HTTP headers {}
REQUESTING PAGE: GET /signin with {} and HTTP headers {}
REQUESTING PAGE: POST /sessions with {"commit"=>"Sign In", "session"=>{"password"=>"foobar123", "email"=>"tk@example.com"}, "utf8"=>"\342\234\223"} and HTTP headers {"HTTP_REFERER"=>"/signin"}
REQUESTING PAGE: GET http://www.example.com/studios/1 with {} and HTTP headers {"HTTP_REFERER"=>"/sessions"}
REQUESTING PAGE: GET / with {} and HTTP headers {"HTTP_REFERER"=>"http://www.example.com/studios/1"}
REQUESTING PAGE: GET /signin with {} and HTTP headers {}
REQUESTING PAGE: POST /sessions with {"commit"=>"Sign In", "session"=>{"password"=>"foobar123", "email"=>"tk@example.com"}, "utf8"=>"\342\234\223"} and HTTP headers {"HTTP_REFERER"=>"/signin"}
REQUESTING PAGE: GET http://www.example.com/studios/1 with {} and HTTP headers {"HTTP_REFERER"=>"/sessions"}
REQUESTING PAGE: GET / with {} and HTTP headers {"HTTP_REFERER"=>"http://www.example.com/studios/1"}
REQUESTING PAGE: GET /signup with {} and HTTP headers {}
REQUESTING PAGE: POST /studios with {"studio"=>{"name"=>"", "password_confirmation"=>"", "password"=>"", "email"=>""}, "commit"=>"Sign up", "utf8"=>"\342\234\223"} and HTTP headers {"HTTP_REFERER"=>"/signup"}
REQUESTING PAGE: GET /signup with {} and HTTP headers {}
REQUESTING PAGE: POST /studios with {"studio"=>{"name"=>"example", "password_confirmation"=>"foobar", "password"=>"foobar", "email"=>"abc@def.com"}, "commit"=>"Sign up", "utf8"=>"\342\234\223"} and HTTP headers {"HTTP_REFERER"=>"/signup"}
REQUESTING PAGE: GET http://www.example.com/studios/1 with {} and HTTP headers {"HTTP_REFERER"=>"/studios"}
REQUESTING PAGE: GET /signin with {} and HTTP headers {}
REQUESTING PAGE: POST /sessions with {"commit"=>"Sign In", "session"=>{"password"=>"", "email"=>""}, "utf8"=>"\342\234\223"} and HTTP headers {"HTTP_REFERER"=>"/signin"}
REQUESTING PAGE: GET /signin with {} and HTTP headers {}
REQUESTING PAGE: POST /sessions with {"commit"=>"Sign In", "session"=>{"password"=>"foobar123", "email"=>"tk@example.com"}, "utf8"=>"\342\234\223"} and HTTP headers {"HTTP_REFERER"=>"/signin"}
REQUESTING PAGE: GET http://www.example.com/studios/1 with {} and HTTP headers {"HTTP_REFERER"=>"/sessions"}
REQUESTING PAGE: GET /signout with {} and HTTP headers {"HTTP_REFERER"=>"http://www.example.com/studios/1"}
REQUESTING PAGE: GET http://www.example.com/ with {} and HTTP headers {"HTTP_REFERER"=>"/signout"}
REQUESTING PAGE: GET /studios/1/edit with {} and HTTP headers {}
REQUESTING PAGE: GET http://www.example.com/signin with {} and HTTP headers {"HTTP_REFERER"=>"/studios/1/edit"}
REQUESTING PAGE: POST /sessions with {"commit"=>"Sign In", "session"=>{"password"=>"foobar123", "email"=>"tk@example.com"}, "utf8"=>"\342\234\223"} and HTTP headers {"HTTP_REFERER"=>"http://www.example.com/signin"}
REQUESTING PAGE: GET http://www.example.com/studios/1/edit with {} and HTTP headers {"HTTP_REFERER"=>"/sessions"}
REQUESTING PAGE: GET / with {} and HTTP headers {}
REQUESTING PAGE: GET /signin with {} and HTTP headers {}
REQUESTING PAGE: POST /sessions with {"commit"=>"Sign In", "session"=>{"password"=>"foobar123", "email"=>"tk@example.com"}, "utf8"=>"\342\234\223"} and HTTP headers {"HTTP_REFERER"=>"/signin"}
REQUESTING PAGE: GET http://www.example.com/studios/1 with {} and HTTP headers {"HTTP_REFERER"=>"/sessions"}
REQUESTING PAGE: GET / with {} and HTTP headers {"HTTP_REFERER"=>"http://www.example.com/studios/1"}
REQUESTING PAGE: GET /signin with {} and HTTP headers {}
REQUESTING PAGE: POST /sessions with {"commit"=>"Sign In", "session"=>{"password"=>"foobar123", "email"=>"tk@example.com"}, "utf8"=>"\342\234\223"} and HTTP headers {"HTTP_REFERER"=>"/signin"}
REQUESTING PAGE: GET http://www.example.com/studios/1 with {} and HTTP headers {"HTTP_REFERER"=>"/sessions"}
REQUESTING PAGE: GET / with {} and HTTP headers {"HTTP_REFERER"=>"http://www.example.com/studios/1"}
REQUESTING PAGE: GET /signup with {} and HTTP headers {}
REQUESTING PAGE: POST /studios with {"studio"=>{"name"=>"", "password_confirmation"=>"", "password"=>"", "email"=>""}, "commit"=>"Sign up", "utf8"=>"\342\234\223"} and HTTP headers {"HTTP_REFERER"=>"/signup"}
REQUESTING PAGE: GET /signup with {} and HTTP headers {}
REQUESTING PAGE: POST /studios with {"studio"=>{"name"=>"example", "password_confirmation"=>"foobar", "password"=>"foobar", "email"=>"abc@def.com"}, "commit"=>"Sign up", "utf8"=>"\342\234\223"} and HTTP headers {"HTTP_REFERER"=>"/signup"}
REQUESTING PAGE: GET http://www.example.com/studios/1 with {} and HTTP headers {"HTTP_REFERER"=>"/studios"}
REQUESTING PAGE: GET /signin with {} and HTTP headers {}
REQUESTING PAGE: POST /sessions with {"commit"=>"Sign In", "session"=>{"password"=>"", "email"=>""}, "utf8"=>"\342\234\223"} and HTTP headers {"HTTP_REFERER"=>"/signin"}
REQUESTING PAGE: GET /signin with {} and HTTP headers {}
REQUESTING PAGE: POST /sessions with {"commit"=>"Sign In", "session"=>{"password"=>"foobar123", "email"=>"tk@example.com"}, "utf8"=>"\342\234\223"} and HTTP headers {"HTTP_REFERER"=>"/signin"}
REQUESTING PAGE: GET http://www.example.com/studios/1 with {} and HTTP headers {"HTTP_REFERER"=>"/sessions"}
REQUESTING PAGE: GET /signout with {} and HTTP headers {"HTTP_REFERER"=>"http://www.example.com/studios/1"}
REQUESTING PAGE: GET http://www.example.com/ with {} and HTTP headers {"HTTP_REFERER"=>"/signout"}
